[debug] [2021-05-26T09:00:09.973Z] ----------------------------------------------------------------------
[debug] [2021-05-26T09:00:09.987Z] Command:       C:\Program Files\nodejs\node.exe C:\Users\vishant\AppData\Roaming\npm\node_modules\firebase-tools\lib\bin\firebase.js init
[debug] [2021-05-26T09:00:09.989Z] CLI Version:   9.11.0
[debug] [2021-05-26T09:00:09.990Z] Platform:      win32
[debug] [2021-05-26T09:00:09.991Z] Node Version:  v14.17.0
[debug] [2021-05-26T09:00:09.997Z] Time:          Wed May 26 2021 14:30:09 GMT+0530 (India Standard Time)
[debug] [2021-05-26T09:00:09.999Z] ----------------------------------------------------------------------
[debug] 
[debug] [2021-05-26T09:00:10.013Z] >>> [apiv2][query] GET https://firebase-public.firebaseio.com/cli.json [none]
[debug] [2021-05-26T09:00:10.071Z] > command requires scopes: ["email","openid","https://www.googleapis.com/auth/cloudplatformprojects.readonly","https://www.googleapis.com/auth/firebase","https://www.googleapis.com/auth/cloud-platform"]
[debug] [2021-05-26T09:00:10.071Z] > authorizing via signed-in user (vishantvaghani257@gmail.com)
[info] 
     ######## #### ########  ######## ########     ###     ######  ########
     ##        ##  ##     ## ##       ##     ##  ##   ##  ##       ##
     ######    ##  ########  ######   ########  #########  ######  ######
     ##        ##  ##    ##  ##       ##     ## ##     ##       ## ##
     ##       #### ##     ## ######## ########  ##     ##  ######  ########

You're about to initialize a Firebase project in this directory:

  C:\Users\vishant\Documents\rchat

[debug] [2021-05-26T09:00:12.689Z] <<< [apiv2][status] GET https://firebase-public.firebaseio.com/cli.json 200
[debug] [2021-05-26T09:00:12.691Z] <<< [apiv2][body] GET https://firebase-public.firebaseio.com/cli.json {"cloudBuildErrorAfter":1594252800000,"cloudBuildWarnAfter":1590019200000,"defaultNode10After":1594252800000,"minVersion":"3.0.5","node8DeploysDisabledAfter":1613390400000,"node8RuntimeDisabledAfter":1615809600000,"node8WarnAfter":1600128000000}
